# JRE version: OpenJDK Runtime Environment (15.0.1+9) (build 15.0.1+9-18)
# Java VM: OpenJDK 64-Bit Server VM (15.0.1+9-18, mixed mode, tiered, compressed oops, g1 gc, windows-amd64)
GC Precious Log:
 CPUs: 4 total, 4 available
 Memory: 8115M
 Large Page Support: Disabled
 NUMA Support: Disabled
 Compressed Oops: Enabled (32-bit)
 Heap Region Size: 1M
 Heap Min Capacity: 8M
 Heap Initial Capacity: 128M
 Heap Max Capacity: 2030M
 Pre-touch: Disabled
 Parallel Workers: 4
 Concurrent Workers: 1
 Concurrent Refinement Workers: 4
 Periodic GC: Disabled
Heap:
 garbage-first heap   total 490496K, used 482926K [0x0000000081200000, 0x0000000100000000)
  region size 1024K, 4 young (4096K), 1 survivors (1024K)
 Metaspace       used 12722K, capacity 12941K, committed 13056K, reserved 1060864K
  class space    used 1208K, capacity 1277K, committed 1280K, reserved 1048576K
GC Heap History (20 events):
Event: 1.421 GC heap before
{Heap before GC invocations=50 (full 0):
 garbage-first heap   total 71680K, used 31331K [0x0000000081200000, 0x0000000100000000)
  region size 1024K, 3 young (3072K), 1 survivors (1024K)
 Metaspace       used 12481K, capacity 12621K, committed 12800K, reserved 1060864K
  class space    used 1208K, capacity 1277K, committed 1280K, reserved 1048576K
}
Event: 1.422 GC heap after
{Heap after GC invocations=51 (full 0):
 garbage-first heap   total 71680K, used 22121K [0x0000000081200000, 0x0000000100000000)
  region size 1024K, 1 young (1024K), 1 survivors (1024K)
 Metaspace       used 12481K, capacity 12621K, committed 12800K, reserved 1060864K
  class space    used 1208K, capacity 1277K, committed 1280K, reserved 1048576K
}
Event: 1.435 GC heap before
{Heap before GC invocations=52 (full 0):
 garbage-first heap   total 71680K, used 29289K [0x0000000081200000, 0x0000000100000000)
  region size 1024K, 3 young (3072K), 1 survivors (1024K)
 Metaspace       used 12488K, capacity 12621K, committed 12800K, reserved 1060864K
  class space    used 1208K, capacity 1277K, committed 1280K, reserved 1048576K
}
Event: 1.436 GC heap after
{Heap after GC invocations=53 (full 0):
 garbage-first heap   total 89088K, used 11883K [0x0000000081200000, 0x0000000100000000)
  region size 1024K, 1 young (1024K), 1 survivors (1024K)
 Metaspace       used 12488K, capacity 12621K, committed 12800K, reserved 1060864K
  class space    used 1208K, capacity 1277K, committed 1280K, reserved 1048576K
}
Event: 1.463 GC heap before
{Heap before GC invocations=54 (full 0):
 garbage-first heap   total 71680K, used 29291K [0x0000000081200000, 0x0000000100000000)
  region size 1024K, 3 young (3072K), 1 survivors (1024K)
 Metaspace       used 12534K, capacity 12685K, committed 12800K, reserved 1060864K
  class space    used 1208K, capacity 1277K, committed 1280K, reserved 1048576K
}
Event: 1.464 GC heap after
{Heap after GC invocations=55 (full 0):
 garbage-first heap   total 71680K, used 22121K [0x0000000081200000, 0x0000000100000000)
  region size 1024K, 1 young (1024K), 1 survivors (1024K)
 Metaspace       used 12534K, capacity 12685K, committed 12800K, reserved 1060864K
  class space    used 1208K, capacity 1277K, committed 1280K, reserved 1048576K
}
Event: 1.473 GC heap before
{Heap before GC invocations=56 (full 0):
 garbage-first heap   total 71680K, used 29289K [0x0000000081200000, 0x0000000100000000)
  region size 1024K, 3 young (3072K), 1 survivors (1024K)
 Metaspace       used 12537K, capacity 12685K, committed 12800K, reserved 1060864K
  class space    used 1208K, capacity 1277K, committed 1280K, reserved 1048576K
}
Event: 1.474 GC heap after
{Heap after GC invocations=57 (full 0):
 garbage-first heap   total 71680K, used 11883K [0x0000000081200000, 0x0000000100000000)
  region size 1024K, 1 young (1024K), 1 survivors (1024K)
 Metaspace       used 12537K, capacity 12685K, committed 12800K, reserved 1060864K
  class space    used 1208K, capacity 1277K, committed 1280K, reserved 1048576K
}
Event: 1.496 GC heap before
{Heap before GC invocations=58 (full 0):
 garbage-first heap   total 65536K, used 27243K [0x0000000081200000, 0x0000000100000000)
  region size 1024K, 3 young (3072K), 1 survivors (1024K)
 Metaspace       used 12550K, capacity 12685K, committed 12800K, reserved 1060864K
  class space    used 1208K, capacity 1277K, committed 1280K, reserved 1048576K
}
Event: 1.497 GC heap after
{Heap after GC invocations=59 (full 0):
 garbage-first heap   total 65536K, used 20073K [0x0000000081200000, 0x0000000100000000)
  region size 1024K, 1 young (1024K), 1 survivors (1024K)
 Metaspace       used 12550K, capacity 12685K, committed 12800K, reserved 1060864K
  class space    used 1208K, capacity 1277K, committed 1280K, reserved 1048576K
}
Event: 1.507 GC heap before
{Heap before GC invocations=60 (full 0):
 garbage-first heap   total 65536K, used 27241K [0x0000000081200000, 0x0000000100000000)
  region size 1024K, 3 young (3072K), 1 survivors (1024K)
 Metaspace       used 12550K, capacity 12685K, committed 12800K, reserved 1060864K
  class space    used 1208K, capacity 1277K, committed 1280K, reserved 1048576K
}
Event: 1.508 GC heap after
{Heap after GC invocations=61 (full 0):
 garbage-first heap   total 79872K, used 11888K [0x0000000081200000, 0x0000000100000000)
  region size 1024K, 1 young (1024K), 1 survivors (1024K)
 Metaspace       used 12550K, capacity 12685K, committed 12800K, reserved 1060864K
  class space    used 1208K, capacity 1277K, committed 1280K, reserved 1048576K
}
Event: 1.538 GC heap before
{Heap before GC invocations=62 (full 0):
 garbage-first heap   total 75776K, used 31344K [0x0000000081200000, 0x0000000100000000)
  region size 1024K, 3 young (3072K), 1 survivors (1024K)
 Metaspace       used 12550K, capacity 12685K, committed 12800K, reserved 1060864K
  class space    used 1208K, capacity 1277K, committed 1280K, reserved 1048576K
}
Event: 1.539 GC heap after
{Heap after GC invocations=63 (full 0):
 garbage-first heap   total 75776K, used 24174K [0x0000000081200000, 0x0000000100000000)
  region size 1024K, 1 young (1024K), 1 survivors (1024K)
 Metaspace       used 12550K, capacity 12685K, committed 12800K, reserved 1060864K
  class space    used 1208K, capacity 1277K, committed 1280K, reserved 1048576K
}
Event: 1.550 GC heap before
{Heap before GC invocations=64 (full 0):
 garbage-first heap   total 75776K, used 31342K [0x0000000081200000, 0x0000000100000000)
  region size 1024K, 3 young (3072K), 1 survivors (1024K)
 Metaspace       used 12551K, capacity 12685K, committed 12800K, reserved 1060864K
  class space    used 1208K, capacity 1277K, committed 1280K, reserved 1048576K
}
Event: 1.550 GC heap after
{Heap after GC invocations=65 (full 0):
 garbage-first heap   total 75776K, used 11884K [0x0000000081200000, 0x0000000100000000)
  region size 1024K, 1 young (1024K), 1 survivors (1024K)
 Metaspace       used 12551K, capacity 12685K, committed 12800K, reserved 1060864K
  class space    used 1208K, capacity 1277K, committed 1280K, reserved 1048576K
}
Event: 1.575 GC heap before
{Heap before GC invocations=66 (full 0):
 garbage-first heap   total 71680K, used 29292K [0x0000000081200000, 0x0000000100000000)
  region size 1024K, 3 young (3072K), 1 survivors (1024K)
 Metaspace       used 12551K, capacity 12685K, committed 12800K, reserved 1060864K
  class space    used 1208K, capacity 1277K, committed 1280K, reserved 1048576K
}
Event: 1.576 GC heap after
{Heap after GC invocations=67 (full 0):
 garbage-first heap   total 71680K, used 22128K [0x0000000081200000, 0x0000000100000000)
  region size 1024K, 1 young (1024K), 1 survivors (1024K)
 Metaspace       used 12551K, capacity 12685K, committed 12800K, reserved 1060864K
  class space    used 1208K, capacity 1277K, committed 1280K, reserved 1048576K
}
Event: 1.585 GC heap before
{Heap before GC invocations=68 (full 0):
 garbage-first heap   total 71680K, used 29296K [0x0000000081200000, 0x0000000100000000)
  region size 1024K, 3 young (3072K), 1 survivors (1024K)
 Metaspace       used 12551K, capacity 12685K, committed 12800K, reserved 1060864K
  class space    used 1208K, capacity 1277K, committed 1280K, reserved 1048576K
}
Event: 1.585 GC heap after
{Heap after GC invocations=69 (full 0):
 garbage-first heap   total 86016K, used 11886K [0x0000000081200000, 0x0000000100000000)
  region size 1024K, 1 young (1024K), 1 survivors (1024K)
 Metaspace       used 12551K, capacity 12685K, committed 12800K, reserved 1060864K
  class space    used 1208K, capacity 1277K, committed 1280K, reserved 1048576K
}

