# JRE version: OpenJDK Runtime Environment (15.0.1+9) (build 15.0.1+9-18)
# Java VM: OpenJDK 64-Bit Server VM (15.0.1+9-18, mixed mode, tiered, compressed oops, g1 gc, windows-amd64)
GC Precious Log:
 CPUs: 4 total, 4 available
 Memory: 8115M
 Large Page Support: Disabled
 NUMA Support: Disabled
 Compressed Oops: Enabled (32-bit)
 Heap Region Size: 1M
 Heap Min Capacity: 8M
 Heap Initial Capacity: 128M
 Heap Max Capacity: 2030M
 Pre-touch: Disabled
 Parallel Workers: 4
 Concurrent Workers: 1
 Concurrent Refinement Workers: 4
 Periodic GC: Disabled
Heap:
 garbage-first heap   total 603136K, used 592508K [0x0000000081200000, 0x0000000100000000)
  region size 1024K, 3 young (3072K), 1 survivors (1024K)
 Metaspace       used 12683K, capacity 12813K, committed 13056K, reserved 1060864K
  class space    used 1201K, capacity 1277K, committed 1280K, reserved 1048576K
GC Heap History (20 events):
Event: 1.292 GC heap before
{Heap before GC invocations=60 (full 0):
 garbage-first heap   total 75776K, used 30299K [0x0000000081200000, 0x0000000100000000)
  region size 1024K, 2 young (2048K), 1 survivors (1024K)
 Metaspace       used 12464K, capacity 12621K, committed 12800K, reserved 1060864K
  class space    used 1199K, capacity 1277K, committed 1280K, reserved 1048576K
}
Event: 1.292 GC heap after
{Heap after GC invocations=61 (full 0):
 garbage-first heap   total 92160K, used 13915K [0x0000000081200000, 0x0000000100000000)
  region size 1024K, 1 young (1024K), 1 survivors (1024K)
 Metaspace       used 12464K, capacity 12621K, committed 12800K, reserved 1060864K
  class space    used 1199K, capacity 1277K, committed 1280K, reserved 1048576K
}
Event: 1.314 GC heap before
{Heap before GC invocations=62 (full 0):
 garbage-first heap   total 75776K, used 30299K [0x0000000081200000, 0x0000000100000000)
  region size 1024K, 2 young (2048K), 1 survivors (1024K)
 Metaspace       used 12464K, capacity 12621K, committed 12800K, reserved 1060864K
  class space    used 1199K, capacity 1277K, committed 1280K, reserved 1048576K
}
Event: 1.315 GC heap after
{Heap after GC invocations=63 (full 0):
 garbage-first heap   total 75776K, used 22105K [0x0000000081200000, 0x0000000100000000)
  region size 1024K, 1 young (1024K), 1 survivors (1024K)
 Metaspace       used 12464K, capacity 12621K, committed 12800K, reserved 1060864K
  class space    used 1199K, capacity 1277K, committed 1280K, reserved 1048576K
}
Event: 1.326 GC heap before
{Heap before GC invocations=64 (full 0):
 garbage-first heap   total 75776K, used 30297K [0x0000000081200000, 0x0000000100000000)
  region size 1024K, 2 young (2048K), 1 survivors (1024K)
 Metaspace       used 12465K, capacity 12621K, committed 12800K, reserved 1060864K
  class space    used 1199K, capacity 1277K, committed 1280K, reserved 1048576K
}
Event: 1.327 GC heap after
{Heap after GC invocations=65 (full 0):
 garbage-first heap   total 75776K, used 13913K [0x0000000081200000, 0x0000000100000000)
  region size 1024K, 1 young (1024K), 1 survivors (1024K)
 Metaspace       used 12465K, capacity 12621K, committed 12800K, reserved 1060864K
  class space    used 1199K, capacity 1277K, committed 1280K, reserved 1048576K
}
Event: 1.351 GC heap before
{Heap before GC invocations=66 (full 0):
 garbage-first heap   total 75776K, used 31321K [0x0000000081200000, 0x0000000100000000)
  region size 1024K, 3 young (3072K), 1 survivors (1024K)
 Metaspace       used 12477K, capacity 12621K, committed 12800K, reserved 1060864K
  class space    used 1201K, capacity 1277K, committed 1280K, reserved 1048576K
}
Event: 1.352 GC heap after
{Heap after GC invocations=67 (full 0):
 garbage-first heap   total 75776K, used 22111K [0x0000000081200000, 0x0000000100000000)
  region size 1024K, 1 young (1024K), 1 survivors (1024K)
 Metaspace       used 12477K, capacity 12621K, committed 12800K, reserved 1060864K
  class space    used 1201K, capacity 1277K, committed 1280K, reserved 1048576K
}
Event: 1.363 GC heap before
{Heap before GC invocations=68 (full 0):
 garbage-first heap   total 75776K, used 31327K [0x0000000081200000, 0x0000000100000000)
  region size 1024K, 3 young (3072K), 1 survivors (1024K)
 Metaspace       used 12477K, capacity 12621K, committed 12800K, reserved 1060864K
  class space    used 1201K, capacity 1277K, committed 1280K, reserved 1048576K
}
Event: 1.364 GC heap after
{Heap after GC invocations=69 (full 0):
 garbage-first heap   total 93184K, used 13916K [0x0000000081200000, 0x0000000100000000)
  region size 1024K, 1 young (1024K), 1 survivors (1024K)
 Metaspace       used 12477K, capacity 12621K, committed 12800K, reserved 1060864K
  class space    used 1201K, capacity 1277K, committed 1280K, reserved 1048576K
}
Event: 1.392 GC heap before
{Heap before GC invocations=70 (full 0):
 garbage-first heap   total 81920K, used 33372K [0x0000000081200000, 0x0000000100000000)
  region size 1024K, 3 young (3072K), 1 survivors (1024K)
 Metaspace       used 12481K, capacity 12621K, committed 12800K, reserved 1060864K
  class space    used 1201K, capacity 1277K, committed 1280K, reserved 1048576K
}
Event: 1.393 GC heap after
{Heap after GC invocations=71 (full 0):
 garbage-first heap   total 81920K, used 24160K [0x0000000081200000, 0x0000000100000000)
  region size 1024K, 1 young (1024K), 1 survivors (1024K)
 Metaspace       used 12481K, capacity 12621K, committed 12800K, reserved 1060864K
  class space    used 1201K, capacity 1277K, committed 1280K, reserved 1048576K
}
Event: 1.405 GC heap before
{Heap before GC invocations=72 (full 0):
 garbage-first heap   total 81920K, used 33376K [0x0000000081200000, 0x0000000100000000)
  region size 1024K, 3 young (3072K), 1 survivors (1024K)
 Metaspace       used 12481K, capacity 12621K, committed 12800K, reserved 1060864K
  class space    used 1201K, capacity 1277K, committed 1280K, reserved 1048576K
}
Event: 1.405 GC heap after
{Heap after GC invocations=73 (full 0):
 garbage-first heap   total 81920K, used 13918K [0x0000000081200000, 0x0000000100000000)
  region size 1024K, 1 young (1024K), 1 survivors (1024K)
 Metaspace       used 12481K, capacity 12621K, committed 12800K, reserved 1060864K
  class space    used 1201K, capacity 1277K, committed 1280K, reserved 1048576K
}
Event: 1.432 GC heap before
{Heap before GC invocations=74 (full 0):
 garbage-first heap   total 81920K, used 33374K [0x0000000081200000, 0x0000000100000000)
  region size 1024K, 3 young (3072K), 1 survivors (1024K)
 Metaspace       used 12492K, capacity 12621K, committed 12800K, reserved 1060864K
  class space    used 1201K, capacity 1277K, committed 1280K, reserved 1048576K
}
Event: 1.433 GC heap after
{Heap after GC invocations=75 (full 0):
 garbage-first heap   total 81920K, used 24164K [0x0000000081200000, 0x0000000100000000)
  region size 1024K, 1 young (1024K), 1 survivors (1024K)
 Metaspace       used 12492K, capacity 12621K, committed 12800K, reserved 1060864K
  class space    used 1201K, capacity 1277K, committed 1280K, reserved 1048576K
}
Event: 1.444 GC heap before
{Heap before GC invocations=76 (full 0):
 garbage-first heap   total 81920K, used 33380K [0x0000000081200000, 0x0000000100000000)
  region size 1024K, 3 young (3072K), 1 survivors (1024K)
 Metaspace       used 12492K, capacity 12621K, committed 12800K, reserved 1060864K
  class space    used 1201K, capacity 1277K, committed 1280K, reserved 1048576K
}
Event: 1.445 GC heap after
{Heap after GC invocations=77 (full 0):
 garbage-first heap   total 102400K, used 13922K [0x0000000081200000, 0x0000000100000000)
  region size 1024K, 1 young (1024K), 1 survivors (1024K)
 Metaspace       used 12492K, capacity 12621K, committed 12800K, reserved 1060864K
  class space    used 1201K, capacity 1277K, committed 1280K, reserved 1048576K
}
Event: 1.955 GC heap before
{Heap before GC invocations=78 (full 0):
 garbage-first heap   total 281600K, used 276066K [0x0000000081200000, 0x0000000100000000)
  region size 1024K, 3 young (3072K), 1 survivors (1024K)
 Metaspace       used 12624K, capacity 12749K, committed 12800K, reserved 1060864K
  class space    used 1201K, capacity 1277K, committed 1280K, reserved 1048576K
}
Event: 1.955 GC heap after
{Heap after GC invocations=79 (full 0):
 garbage-first heap   total 283648K, used 265852K [0x0000000081200000, 0x0000000100000000)
  region size 1024K, 1 young (1024K), 1 survivors (1024K)
 Metaspace       used 12624K, capacity 12749K, committed 12800K, reserved 1060864K
  class space    used 1201K, capacity 1277K, committed 1280K, reserved 1048576K
}

